<?xml version="1.0" encoding="UTF-8"?>
<testng-results skipped="0" failed="0" ignored="0" total="1" passed="1">
  <reporter-output>
  </reporter-output>
  <suite name="Default suite" duration-ms="34058" started-at="2020-08-24T21:35:10 IST" finished-at="2020-08-24T21:35:44 IST">
    <groups>
    </groups>
    <test name="Default test" duration-ms="34058" started-at="2020-08-24T21:35:10 IST" finished-at="2020-08-24T21:35:44 IST">
      <class name="com.training.sanity.tests.RTTC_001">
        <test-method status="PASS" signature="setUpBeforeClass()[pri:0, instance:com.training.sanity.tests.RTTC_001@2a17b7b6]" name="setUpBeforeClass" is-config="true" duration-ms="13" started-at="2020-08-24T21:35:10 IST" finished-at="2020-08-24T21:35:10 IST">
          <reporter-output>
          </reporter-output>
        </test-method> <!-- setUpBeforeClass -->
        <test-method status="PASS" signature="setUp()[pri:0, instance:com.training.sanity.tests.RTTC_001@2a17b7b6]" name="setUp" is-config="true" duration-ms="14762" started-at="2020-08-24T21:35:10 IST" finished-at="2020-08-24T21:35:25 IST">
          <reporter-output>
          </reporter-output>
        </test-method> <!-- setUp -->
        <test-method status="PASS" signature="validRegisterTest()[pri:0, instance:com.training.sanity.tests.RTTC_001@2a17b7b6]" name="validRegisterTest" duration-ms="17398" started-at="2020-08-24T21:35:25 IST" finished-at="2020-08-24T21:35:42 IST">
          <reporter-output>
          </reporter-output>
        </test-method> <!-- validRegisterTest -->
        <test-method status="PASS" signature="tearDown()[pri:0, instance:com.training.sanity.tests.RTTC_001@2a17b7b6]" name="tearDown" is-config="true" duration-ms="1819" started-at="2020-08-24T21:35:42 IST" finished-at="2020-08-24T21:35:44 IST">
          <reporter-output>
          </reporter-output>
        </test-method> <!-- tearDown -->
      </class> <!-- com.training.sanity.tests.RTTC_001 -->
    </test> <!-- Default test -->
  </suite> <!-- Default suite -->
</testng-results>
